statistics/build-f01-isolated/intermediates/manifest_merge_blame_file/debug/processDebugManifest/manifest-merger-blame-debug-report.txt
1<?xml version="1.0" encoding="utf-8"?>
2<manifest xmlns:android="http://schemas.android.com/apk/res/android"
3    xmlns:dist="http://schemas.android.com/apk/distribution"
4    xmlns:tools="http://schemas.android.com/tools"
5    package="com.adsamcik.tracker.statistics" >
6
7    <uses-sdk android:minSdkVersion="26" />
7-->INJECTED
7-->INJECTED
8
9    <dist:module dist:title="@string/module_statistics_title" >
9-->src\main\AndroidManifest.xml:6:5-11:19
9-->src\main\AndroidManifest.xml:6:18-62
10        <dist:delivery>
10-->src\main\AndroidManifest.xml:7:9-9:25
11            <dist:install-time />
11-->src\main\AndroidManifest.xml:8:13-34
12        </dist:delivery>
13
14        <dist:fusing dist:include="false" />
14-->src\main\AndroidManifest.xml:10:9-45
14-->src\main\AndroidManifest.xml:10:22-42
15    </dist:module>
16
17    <application tools:ignore="AllowBackup,GoogleAppIndexingWarning,MissingApplicationIcon" >
17-->src\main\AndroidManifest.xml:13:5-16:19
17-->src\main\AndroidManifest.xml:13:18-92
18        <activity android:name="com.adsamcik.tracker.statistics.detail.activity.StatsDetailActivity" />
18-->src\main\AndroidManifest.xml:14:9-104
18-->src\main\AndroidManifest.xml:14:19-101
19        <activity android:name="com.adsamcik.tracker.statistics.wifi.WifiBrowseActivity" />
19-->src\main\AndroidManifest.xml:15:9-92
19-->src\main\AndroidManifest.xml:15:19-89
20    </application>
21
22</manifest>